<?xml version="1.0" encoding="UTF-8"?>
<!-- Generated by org.testng.reporters.JUnitReportReporter -->
<testsuite hostname="DESKTOP-E4MME3V" failures="0" tests="1" name="com.google.qa.FirstTest" time="2.827" errors="0" timestamp="14 ene. 2023 17:52:08 GMT" skipped="0">
  <testcase classname="com.google.qa.FirstTest" name="f" time="2.827"/>
</testsuite> <!-- com.google.qa.FirstTest -->
